# JRE version: Java(TM) SE Runtime Environment (8.0_301-b09) (build 1.8.0_301-b09)
# Java VM: Java HotSpot(TM) 64-Bit Server VM (25.301-b09 mixed mode windows-amd64 compressed oops)
Heap:
 PSYoungGen      total 267776K, used 266530K [0x0000000780000000, 0x0000000798c00000, 0x00000007c0000000)
  eden space 246272K, 99% used [0x0000000780000000,0x000000078ef4ccd8,0x000000078f080000)
  from space 21504K, 99% used [0x000000078f080000,0x000000079057bd38,0x0000000790580000)
  to   space 37376K, 90% used [0x0000000796780000,0x00000007988690b8,0x0000000798c00000)
 ParOldGen       total 344576K, used 45175K [0x0000000700000000, 0x0000000715080000, 0x0000000780000000)
  object space 344576K, 13% used [0x0000000700000000,0x0000000702c1dc68,0x0000000715080000)
 Metaspace       used 54709K, capacity 55604K, committed 55808K, reserved 1097728K
  class space    used 7542K, capacity 7822K, committed 7936K, reserved 1048576K
GC Heap History (10 events):
Event: 3.451 GC heap after
Heap after GC invocations=5 (full 1):
 PSYoungGen      total 199680K, used 8578K [0x0000000780000000, 0x000000078dd00000, 0x00000007c0000000)
  eden space 183296K, 0% used [0x0000000780000000,0x0000000780000000,0x000000078b300000)
  from space 16384K, 52% used [0x000000078cd00000,0x000000078d560b48,0x000000078dd00000)
  to   space 21504K, 0% used [0x000000078b300000,0x000000078b300000,0x000000078c800000)
 ParOldGen       total 212992K, used 11352K [0x0000000700000000, 0x000000070d000000, 0x0000000780000000)
  object space 212992K, 5% used [0x0000000700000000,0x0000000700b16190,0x000000070d000000)
 Metaspace       used 34711K, capacity 35280K, committed 35496K, reserved 1079296K
  class space    used 4826K, capacity 5062K, committed 5120K, reserved 1048576K
}
Event: 3.451 GC heap before
{Heap before GC invocations=6 (full 2):
 PSYoungGen      total 199680K, used 8578K [0x0000000780000000, 0x000000078dd00000, 0x00000007c0000000)
  eden space 183296K, 0% used [0x0000000780000000,0x0000000780000000,0x000000078b300000)
  from space 16384K, 52% used [0x000000078cd00000,0x000000078d560b48,0x000000078dd00000)
  to   space 21504K, 0% used [0x000000078b300000,0x000000078b300000,0x000000078c800000)
 ParOldGen       total 212992K, used 11352K [0x0000000700000000, 0x000000070d000000, 0x0000000780000000)
  object space 212992K, 5% used [0x0000000700000000,0x0000000700b16190,0x000000070d000000)
 Metaspace       used 34711K, capacity 35280K, committed 35496K, reserved 1079296K
  class space    used 4826K, capacity 5062K, committed 5120K, reserved 1048576K
Event: 3.476 GC heap after
Heap after GC invocations=6 (full 2):
 PSYoungGen      total 199680K, used 0K [0x0000000780000000, 0x000000078dd00000, 0x00000007c0000000)
  eden space 183296K, 0% used [0x0000000780000000,0x0000000780000000,0x000000078b300000)
  from space 16384K, 0% used [0x000000078cd00000,0x000000078cd00000,0x000000078dd00000)
  to   space 21504K, 0% used [0x000000078b300000,0x000000078b300000,0x000000078c800000)
 ParOldGen       total 344576K, used 15735K [0x0000000700000000, 0x0000000715080000, 0x0000000780000000)
  object space 344576K, 4% used [0x0000000700000000,0x0000000700f5de60,0x0000000715080000)
 Metaspace       used 34711K, capacity 35280K, committed 35496K, reserved 1079296K
  class space    used 4826K, capacity 5062K, committed 5120K, reserved 1048576K
}
Event: 5.239 GC heap before
{Heap before GC invocations=7 (full 2):
 PSYoungGen      total 199680K, used 182974K [0x0000000780000000, 0x000000078dd00000, 0x00000007c0000000)
  eden space 183296K, 99% used [0x0000000780000000,0x000000078b2af818,0x000000078b300000)
  from space 16384K, 0% used [0x000000078cd00000,0x000000078cd00000,0x000000078dd00000)
  to   space 21504K, 0% used [0x000000078b300000,0x000000078b300000,0x000000078c800000)
 ParOldGen       total 344576K, used 15735K [0x0000000700000000, 0x0000000715080000, 0x0000000780000000)
  object space 344576K, 4% used [0x0000000700000000,0x0000000700f5de60,0x0000000715080000)
 Metaspace       used 43789K, capacity 44498K, committed 44928K, reserved 1087488K
  class space    used 6178K, capacity 6416K, committed 6528K, reserved 1048576K
Event: 5.247 GC heap after
Heap after GC invocations=7 (full 2):
 PSYoungGen      total 204800K, used 21482K [0x0000000780000000, 0x0000000791b80000, 0x00000007c0000000)
  eden space 183296K, 0% used [0x0000000780000000,0x0000000780000000,0x000000078b300000)
  from space 21504K, 99% used [0x000000078b300000,0x000000078c7fab18,0x000000078c800000)
  to   space 22528K, 0% used [0x0000000790580000,0x0000000790580000,0x0000000791b80000)
 ParOldGen       total 344576K, used 19218K [0x0000000700000000, 0x0000000715080000, 0x0000000780000000)
  object space 344576K, 5% used [0x0000000700000000,0x00000007012c4bc8,0x0000000715080000)
 Metaspace       used 43789K, capacity 44498K, committed 44928K, reserved 1087488K
  class space    used 6178K, capacity 6416K, committed 6528K, reserved 1048576K
}
Event: 5.807 GC heap before
{Heap before GC invocations=8 (full 2):
 PSYoungGen      total 204800K, used 204574K [0x0000000780000000, 0x0000000791b80000, 0x00000007c0000000)
  eden space 183296K, 99% used [0x0000000780000000,0x000000078b2ccdd8,0x000000078b300000)
  from space 21504K, 99% used [0x000000078b300000,0x000000078c7fab18,0x000000078c800000)
  to   space 22528K, 0% used [0x0000000790580000,0x0000000790580000,0x0000000791b80000)
 ParOldGen       total 344576K, used 19218K [0x0000000700000000, 0x0000000715080000, 0x0000000780000000)
  object space 344576K, 5% used [0x0000000700000000,0x00000007012c4bc8,0x0000000715080000)
 Metaspace       used 47331K, capacity 48136K, committed 48256K, reserved 1091584K
  class space    used 6749K, capacity 6983K, committed 7040K, reserved 1048576K
Event: 5.814 GC heap after
Heap after GC invocations=8 (full 2):
 PSYoungGen      total 268800K, used 12781K [0x0000000780000000, 0x0000000791d80000, 0x00000007c0000000)
  eden space 246272K, 0% used [0x0000000780000000,0x0000000780000000,0x000000078f080000)
  from space 22528K, 56% used [0x0000000790580000,0x00000007911fb418,0x0000000791b80000)
  to   space 21504K, 0% used [0x000000078f080000,0x000000078f080000,0x0000000790580000)
 ParOldGen       total 344576K, used 19226K [0x0000000700000000, 0x0000000715080000, 0x0000000780000000)
  object space 344576K, 5% used [0x0000000700000000,0x00000007012c6bc8,0x0000000715080000)
 Metaspace       used 47331K, capacity 48136K, committed 48256K, reserved 1091584K
  class space    used 6749K, capacity 6983K, committed 7040K, reserved 1048576K
}
Event: 9.838 GC heap before
{Heap before GC invocations=9 (full 2):
 PSYoungGen      total 268800K, used 259053K [0x0000000780000000, 0x0000000791d80000, 0x00000007c0000000)
  eden space 246272K, 100% used [0x0000000780000000,0x000000078f080000,0x000000078f080000)
  from space 22528K, 56% used [0x0000000790580000,0x00000007911fb418,0x0000000791b80000)
  to   space 21504K, 0% used [0x000000078f080000,0x000000078f080000,0x0000000790580000)
 ParOldGen       total 344576K, used 19226K [0x0000000700000000, 0x0000000715080000, 0x0000000780000000)
  object space 344576K, 5% used [0x0000000700000000,0x00000007012c6bc8,0x0000000715080000)
 Metaspace       used 52799K, capacity 53704K, committed 53760K, reserved 1095680K
  class space    used 7375K, capacity 7660K, committed 7680K, reserved 1048576K
Event: 9.862 GC heap after
Heap after GC invocations=9 (full 2):
 PSYoungGen      total 267776K, used 21487K [0x0000000780000000, 0x0000000798c00000, 0x00000007c0000000)
  eden space 246272K, 0% used [0x0000000780000000,0x0000000780000000,0x000000078f080000)
  from space 21504K, 99% used [0x000000078f080000,0x000000079057bd38,0x0000000790580000)
  to   space 37376K, 0% used [0x0000000796780000,0x0000000796780000,0x0000000798c00000)
 ParOldGen       total 344576K, used 45159K [0x0000000700000000, 0x0000000715080000, 0x0000000780000000)
  object space 344576K, 13% used [0x0000000700000000,0x0000000702c19c68,0x0000000715080000)
 Metaspace       used 52799K, capacity 53704K, committed 53760K, reserved 1095680K
  class space    used 7375K, capacity 7660K, committed 7680K, reserved 1048576K
}
Event: 11.028 GC heap before
{Heap before GC invocations=10 (full 2):
 PSYoungGen      total 267776K, used 266530K [0x0000000780000000, 0x0000000798c00000, 0x00000007c0000000)
  eden space 246272K, 99% used [0x0000000780000000,0x000000078ef4ccd8,0x000000078f080000)
  from space 21504K, 99% used [0x000000078f080000,0x000000079057bd38,0x0000000790580000)
  to   space 37376K, 0% used [0x0000000796780000,0x0000000796780000,0x0000000798c00000)
 ParOldGen       total 344576K, used 45159K [0x0000000700000000, 0x0000000715080000, 0x0000000780000000)
  object space 344576K, 13% used [0x0000000700000000,0x0000000702c19c68,0x0000000715080000)
 Metaspace       used 54709K, capacity 55604K, committed 55808K, reserved 1097728K
  class space    used 7542K, capacity 7822K, committed 7936K, reserved 1048576K

